{"/Users/carlosmoncayo/Documents/next-typescript/src/components/FormInput.tsx": {"path":"/Users/carlosmoncayo/Documents/next-typescript/src/components/FormInput.tsx","statementMap":{"0":{"start":{"line":2,"column":0},"end":{"line":2,"column":null}},"1":{"start":{"line":14,"column":51},"end":{"line":46,"column":null}},"2":{"start":{"line":15,"column":4},"end":{"line":15,"column":null}},"3":{"start":{"line":16,"column":7},"end":{"line":16,"column":null}},"4":{"start":{"line":17,"column":6},"end":{"line":17,"column":null}},"5":{"start":{"line":18,"column":7},"end":{"line":18,"column":null}},"6":{"start":{"line":19,"column":10},"end":{"line":19,"column":null}},"7":{"start":{"line":20,"column":2},"end":{"line":20,"column":10}},"8":{"start":{"line":20,"column":10},"end":{"line":20,"column":null}},"9":{"start":{"line":21,"column":13},"end":{"line":21,"column":null}},"10":{"start":{"line":23,"column":23},"end":{"line":29,"column":null}},"11":{"start":{"line":24,"column":4},"end":{"line":28,"column":null}},"12":{"start":{"line":25,"column":6},"end":{"line":25,"column":14}},"13":{"start":{"line":27,"column":6},"end":{"line":27,"column":14}},"14":{"start":{"line":31,"column":2},"end":{"line":31,"column":null}},"15":{"start":{"line":14,"column":13},"end":{"line":14,"column":22}}},"fnMap":{"0":{"name":"(anonymous_3)","decl":{"start":{"line":14,"column":51},"end":{"line":14,"column":52}},"loc":{"start":{"line":22,"column":1},"end":{"line":46,"column":null}}},"1":{"name":"(anonymous_4)","decl":{"start":{"line":23,"column":23},"end":{"line":23,"column":24}},"loc":{"start":{"line":23,"column":62},"end":{"line":29,"column":null}}}},"branchMap":{"0":{"loc":{"start":{"line":20,"column":10},"end":{"line":20,"column":null}},"type":"cond-expr","locations":[{"start":{"line":20,"column":13},"end":{"line":20,"column":18}},{"start":{"line":20,"column":18},"end":{"line":20,"column":null}}]},"1":{"loc":{"start":{"line":24,"column":4},"end":{"line":28,"column":null}},"type":"if","locations":[{"start":{"line":24,"column":4},"end":{"line":28,"column":null}},{"start":{"line":26,"column":11},"end":{"line":28,"column":null}}]},"2":{"loc":{"start":{"line":25,"column":15},"end":{"line":25,"column":null}},"type":"binary-expr","locations":[{"start":{"line":25,"column":15},"end":{"line":25,"column":21}},{"start":{"line":25,"column":54},"end":{"line":25,"column":null}}]},"3":{"loc":{"start":{"line":39,"column":15},"end":{"line":39,"column":null}},"type":"binary-expr","locations":[{"start":{"line":39,"column":15},"end":{"line":39,"column":20}},{"start":{"line":39,"column":24},"end":{"line":39,"column":null}}]},"4":{"loc":{"start":{"line":41,"column":38},"end":{"line":41,"column":null}},"type":"cond-expr","locations":[{"start":{"line":41,"column":49},"end":{"line":41,"column":69}},{"start":{"line":41,"column":69},"end":{"line":41,"column":null}}]}},"s":{"0":1,"1":1,"2":80,"3":80,"4":80,"5":80,"6":80,"7":80,"8":80,"9":80,"10":80,"11":10,"12":2,"13":8,"14":80,"15":1},"f":{"0":80,"1":10},"b":{"0":[0,80],"1":[2,8],"2":[2,0],"3":[80,45],"4":[4,76]}}
,"/Users/carlosmoncayo/Documents/next-typescript/src/components/UserSignupForm.tsx": {"path":"/Users/carlosmoncayo/Documents/next-typescript/src/components/UserSignupForm.tsx","statementMap":{"0":{"start":{"line":2,"column":0},"end":{"line":2,"column":null}},"1":{"start":{"line":3,"column":0},"end":{"line":3,"column":null}},"2":{"start":{"line":4,"column":0},"end":{"line":4,"column":null}},"3":{"start":{"line":6,"column":40},"end":{"line":103,"column":null}},"4":{"start":{"line":14,"column":6},"end":{"line":14,"column":null}},"5":{"start":{"line":8,"column":12},"end":{"line":8,"column":null}},"6":{"start":{"line":9,"column":10},"end":{"line":9,"column":null}},"7":{"start":{"line":10,"column":13},"end":{"line":10,"column":null}},"8":{"start":{"line":11,"column":17},"end":{"line":11,"column":null}},"9":{"start":{"line":12,"column":15},"end":{"line":12,"column":null}},"10":{"start":{"line":13,"column":16},"end":{"line":13,"column":null}},"11":{"start":{"line":16,"column":24},"end":{"line":18,"column":null}},"12":{"start":{"line":17,"column":4},"end":{"line":17,"column":11}},"13":{"start":{"line":17,"column":34},"end":{"line":17,"column":39}},"14":{"start":{"line":20,"column":2},"end":{"line":20,"column":null}},"15":{"start":{"line":24,"column":31},"end":{"line":24,"column":32}},"16":{"start":{"line":24,"column":51},"end":{"line":24,"column":68}},"17":{"start":{"line":30,"column":31},"end":{"line":30,"column":42}},"18":{"start":{"line":40,"column":31},"end":{"line":40,"column":42}},"19":{"start":{"line":50,"column":31},"end":{"line":50,"column":42}},"20":{"start":{"line":60,"column":31},"end":{"line":60,"column":42}},"21":{"start":{"line":70,"column":31},"end":{"line":70,"column":42}},"22":{"start":{"line":82,"column":40},"end":{"line":82,"column":null}},"23":{"start":{"line":6,"column":13},"end":{"line":6,"column":27}}},"fnMap":{"0":{"name":"(anonymous_3)","decl":{"start":{"line":6,"column":40},"end":{"line":6,"column":null}},"loc":{"start":{"line":6,"column":40},"end":{"line":103,"column":null}}},"1":{"name":"(anonymous_4)","decl":{"start":{"line":16,"column":24},"end":{"line":16,"column":25}},"loc":{"start":{"line":16,"column":42},"end":{"line":18,"column":null}}},"2":{"name":"(anonymous_5)","decl":{"start":{"line":17,"column":23},"end":{"line":17,"column":24}},"loc":{"start":{"line":17,"column":29},"end":{"line":17,"column":null}}},"3":{"name":"(anonymous_6)","decl":{"start":{"line":24,"column":22},"end":{"line":24,"column":23}},"loc":{"start":{"line":24,"column":24},"end":{"line":24,"column":null}}},"4":{"name":"(anonymous_7)","decl":{"start":{"line":30,"column":20},"end":{"line":30,"column":21}},"loc":{"start":{"line":30,"column":26},"end":{"line":30,"column":null}}},"5":{"name":"(anonymous_8)","decl":{"start":{"line":40,"column":20},"end":{"line":40,"column":21}},"loc":{"start":{"line":40,"column":26},"end":{"line":40,"column":null}}},"6":{"name":"(anonymous_9)","decl":{"start":{"line":50,"column":20},"end":{"line":50,"column":21}},"loc":{"start":{"line":50,"column":26},"end":{"line":50,"column":null}}},"7":{"name":"(anonymous_10)","decl":{"start":{"line":60,"column":20},"end":{"line":60,"column":21}},"loc":{"start":{"line":60,"column":26},"end":{"line":60,"column":null}}},"8":{"name":"(anonymous_11)","decl":{"start":{"line":70,"column":20},"end":{"line":70,"column":21}},"loc":{"start":{"line":70,"column":26},"end":{"line":70,"column":null}}},"9":{"name":"(anonymous_12)","decl":{"start":{"line":82,"column":22},"end":{"line":82,"column":23}},"loc":{"start":{"line":82,"column":35},"end":{"line":86,"column":null}}}},"branchMap":{"0":{"loc":{"start":{"line":80,"column":7},"end":{"line":81,"column":13}},"type":"binary-expr","locations":[{"start":{"line":80,"column":7},"end":{"line":80,"column":null}},{"start":{"line":81,"column":8},"end":{"line":81,"column":13}}]},"1":{"loc":{"start":{"line":90,"column":7},"end":{"line":91,"column":13}},"type":"binary-expr","locations":[{"start":{"line":90,"column":7},"end":{"line":90,"column":16}},{"start":{"line":91,"column":8},"end":{"line":91,"column":13}}]},"2":{"loc":{"start":{"line":96,"column":7},"end":{"line":97,"column":13}},"type":"binary-expr","locations":[{"start":{"line":96,"column":7},"end":{"line":96,"column":20}},{"start":{"line":97,"column":8},"end":{"line":97,"column":13}}]}},"s":{"0":1,"1":1,"2":1,"3":1,"4":16,"5":16,"6":16,"7":16,"8":16,"9":16,"10":16,"11":16,"12":80,"13":14,"14":16,"15":2,"16":2,"17":2,"18":2,"19":2,"20":2,"21":2,"22":4,"23":1},"f":{"0":16,"1":80,"2":14,"3":2,"4":2,"5":2,"6":2,"7":2,"8":2,"9":4},"b":{"0":[16,1],"1":[16,1],"2":[16,1]}}
,"/Users/carlosmoncayo/Documents/next-typescript/src/hooks/useUserForm.ts": {"path":"/Users/carlosmoncayo/Documents/next-typescript/src/hooks/useUserForm.ts","statementMap":{"0":{"start":{"line":1,"column":0},"end":{"line":1,"column":null}},"1":{"start":{"line":3,"column":0},"end":{"line":3,"column":null}},"2":{"start":{"line":15,"column":40},"end":{"line":15,"column":null}},"3":{"start":{"line":23,"column":27},"end":{"line":79,"column":null}},"4":{"start":{"line":24,"column":34},"end":{"line":24,"column":57}},"5":{"start":{"line":24,"column":17},"end":{"line":24,"column":19}},"6":{"start":{"line":24,"column":30},"end":{"line":24,"column":34}},"7":{"start":{"line":25,"column":30},"end":{"line":25,"column":58}},"8":{"start":{"line":25,"column":15},"end":{"line":25,"column":17}},"9":{"start":{"line":25,"column":26},"end":{"line":25,"column":30}},"10":{"start":{"line":26,"column":36},"end":{"line":26,"column":45}},"11":{"start":{"line":26,"column":18},"end":{"line":26,"column":20}},"12":{"start":{"line":26,"column":32},"end":{"line":26,"column":36}},"13":{"start":{"line":27,"column":44},"end":{"line":27,"column":66}},"14":{"start":{"line":27,"column":22},"end":{"line":27,"column":24}},"15":{"start":{"line":27,"column":40},"end":{"line":27,"column":44}},"16":{"start":{"line":29,"column":22},"end":{"line":29,"column":null}},"17":{"start":{"line":31,"column":6},"end":{"line":31,"column":17}},"18":{"start":{"line":31,"column":28},"end":{"line":31,"column":34}},"19":{"start":{"line":32,"column":6},"end":{"line":32,"column":15}},"20":{"start":{"line":33,"column":6},"end":{"line":33,"column":18}},"21":{"start":{"line":38,"column":23},"end":{"line":38,"column":35}},"22":{"start":{"line":39,"column":4},"end":{"line":39,"column":13}},"23":{"start":{"line":40,"column":4},"end":{"line":40,"column":16}},"24":{"start":{"line":42,"column":29},"end":{"line":42,"column":46}},"25":{"start":{"line":44,"column":4},"end":{"line":47,"column":null}},"26":{"start":{"line":45,"column":6},"end":{"line":45,"column":15}},"27":{"start":{"line":46,"column":6},"end":{"line":46,"column":null}},"28":{"start":{"line":50,"column":26},"end":{"line":50,"column":null}},"29":{"start":{"line":58,"column":4},"end":{"line":58,"column":20}},"30":{"start":{"line":59,"column":4},"end":{"line":59,"column":16}},"31":{"start":{"line":60,"column":4},"end":{"line":60,"column":11}},"32":{"start":{"line":63,"column":20},"end":{"line":63,"column":32}},"33":{"start":{"line":64,"column":4},"end":{"line":64,"column":15}},"34":{"start":{"line":65,"column":4},"end":{"line":65,"column":13}},"35":{"start":{"line":66,"column":4},"end":{"line":66,"column":16}},"36":{"start":{"line":67,"column":4},"end":{"line":67,"column":20}},"37":{"start":{"line":70,"column":2},"end":{"line":70,"column":9}},"38":{"start":{"line":23,"column":13},"end":{"line":23,"column":24}}},"fnMap":{"0":{"name":"(anonymous_2)","decl":{"start":{"line":23,"column":27},"end":{"line":23,"column":null}},"loc":{"start":{"line":23,"column":27},"end":{"line":79,"column":null}}},"1":{"name":"(anonymous_3)","decl":{"start":{"line":30,"column":4},"end":{"line":30,"column":5}},"loc":{"start":{"line":30,"column":54},"end":{"line":34,"column":null}}},"2":{"name":"(anonymous_4)","decl":{"start":{"line":31,"column":18},"end":{"line":31,"column":19}},"loc":{"start":{"line":31,"column":23},"end":{"line":31,"column":null}}},"3":{"name":"(anonymous_5)","decl":{"start":{"line":38,"column":35},"end":{"line":38,"column":null}},"loc":{"start":{"line":38,"column":35},"end":{"line":61,"column":5}}},"4":{"name":"(anonymous_6)","decl":{"start":{"line":63,"column":32},"end":{"line":63,"column":null}},"loc":{"start":{"line":63,"column":32},"end":{"line":68,"column":5}}}},"branchMap":{"0":{"loc":{"start":{"line":44,"column":4},"end":{"line":47,"column":null}},"type":"if","locations":[{"start":{"line":44,"column":4},"end":{"line":47,"column":null}}]}},"s":{"0":1,"1":1,"2":1,"3":1,"4":16,"5":16,"6":16,"7":16,"8":16,"9":16,"10":16,"11":16,"12":16,"13":16,"14":16,"15":16,"16":16,"17":10,"18":10,"19":10,"20":10,"21":16,"22":2,"23":2,"24":2,"25":2,"26":1,"27":1,"28":1,"29":1,"30":1,"31":1,"32":16,"33":0,"34":0,"35":0,"36":0,"37":16,"38":1},"f":{"0":16,"1":10,"2":10,"3":2,"4":0},"b":{"0":[1]}}
,"/Users/carlosmoncayo/Documents/next-typescript/src/pages/index.tsx": {"path":"/Users/carlosmoncayo/Documents/next-typescript/src/pages/index.tsx","statementMap":{"0":{"start":{"line":1,"column":0},"end":{"line":1,"column":null}},"1":{"start":{"line":2,"column":0},"end":{"line":2,"column":null}},"2":{"start":{"line":6,"column":20},"end":{"line":6,"column":29}},"3":{"start":{"line":6,"column":10},"end":{"line":6,"column":12}},"4":{"start":{"line":6,"column":16},"end":{"line":6,"column":20}},"5":{"start":{"line":7,"column":20},"end":{"line":7,"column":29}},"6":{"start":{"line":7,"column":10},"end":{"line":7,"column":12}},"7":{"start":{"line":7,"column":16},"end":{"line":7,"column":20}},"8":{"start":{"line":8,"column":20},"end":{"line":8,"column":29}},"9":{"start":{"line":8,"column":10},"end":{"line":8,"column":12}},"10":{"start":{"line":8,"column":16},"end":{"line":8,"column":20}},"11":{"start":{"line":9,"column":22},"end":{"line":9,"column":31}},"12":{"start":{"line":9,"column":11},"end":{"line":9,"column":13}},"13":{"start":{"line":9,"column":18},"end":{"line":9,"column":22}},"14":{"start":{"line":10,"column":20},"end":{"line":10,"column":29}},"15":{"start":{"line":10,"column":10},"end":{"line":10,"column":12}},"16":{"start":{"line":10,"column":16},"end":{"line":10,"column":20}},"17":{"start":{"line":11,"column":24},"end":{"line":11,"column":33}},"18":{"start":{"line":11,"column":12},"end":{"line":11,"column":14}},"19":{"start":{"line":11,"column":20},"end":{"line":11,"column":24}},"20":{"start":{"line":12,"column":22},"end":{"line":12,"column":31}},"21":{"start":{"line":12,"column":11},"end":{"line":12,"column":13}},"22":{"start":{"line":12,"column":18},"end":{"line":12,"column":22}},"23":{"start":{"line":13,"column":26},"end":{"line":13,"column":40}},"24":{"start":{"line":13,"column":13},"end":{"line":13,"column":15}},"25":{"start":{"line":13,"column":22},"end":{"line":13,"column":26}},"26":{"start":{"line":16,"column":17},"end":{"line":78,"column":null}},"27":{"start":{"line":17,"column":4},"end":{"line":17,"column":10}},"28":{"start":{"line":18,"column":4},"end":{"line":18,"column":9}},"29":{"start":{"line":21,"column":4},"end":{"line":24,"column":null}},"30":{"start":{"line":22,"column":6},"end":{"line":22,"column":12}},"31":{"start":{"line":23,"column":6},"end":{"line":23,"column":null}},"32":{"start":{"line":25,"column":4},"end":{"line":28,"column":null}},"33":{"start":{"line":26,"column":6},"end":{"line":26,"column":12}},"34":{"start":{"line":27,"column":6},"end":{"line":27,"column":null}},"35":{"start":{"line":29,"column":4},"end":{"line":32,"column":null}},"36":{"start":{"line":30,"column":6},"end":{"line":30,"column":12}},"37":{"start":{"line":31,"column":6},"end":{"line":31,"column":null}},"38":{"start":{"line":33,"column":4},"end":{"line":36,"column":null}},"39":{"start":{"line":34,"column":6},"end":{"line":34,"column":12}},"40":{"start":{"line":35,"column":6},"end":{"line":35,"column":null}},"41":{"start":{"line":37,"column":4},"end":{"line":40,"column":null}},"42":{"start":{"line":38,"column":6},"end":{"line":38,"column":12}},"43":{"start":{"line":39,"column":6},"end":{"line":39,"column":null}},"44":{"start":{"line":41,"column":4},"end":{"line":44,"column":null}},"45":{"start":{"line":42,"column":6},"end":{"line":42,"column":12}},"46":{"start":{"line":43,"column":6},"end":{"line":43,"column":null}},"47":{"start":{"line":45,"column":4},"end":{"line":48,"column":null}},"48":{"start":{"line":46,"column":6},"end":{"line":46,"column":12}},"49":{"start":{"line":47,"column":6},"end":{"line":47,"column":null}},"50":{"start":{"line":49,"column":4},"end":{"line":52,"column":null}},"51":{"start":{"line":50,"column":6},"end":{"line":50,"column":12}},"52":{"start":{"line":51,"column":6},"end":{"line":51,"column":null}},"53":{"start":{"line":53,"column":4},"end":{"line":56,"column":null}},"54":{"start":{"line":54,"column":6},"end":{"line":54,"column":12}},"55":{"start":{"line":55,"column":6},"end":{"line":55,"column":null}},"56":{"start":{"line":57,"column":4},"end":{"line":60,"column":null}},"57":{"start":{"line":58,"column":6},"end":{"line":58,"column":12}},"58":{"start":{"line":59,"column":6},"end":{"line":59,"column":null}},"59":{"start":{"line":61,"column":4},"end":{"line":64,"column":null}},"60":{"start":{"line":62,"column":6},"end":{"line":62,"column":12}},"61":{"start":{"line":63,"column":6},"end":{"line":63,"column":null}},"62":{"start":{"line":67,"column":14},"end":{"line":67,"column":null}},"63":{"start":{"line":75,"column":4},"end":{"line":75,"column":11}},"64":{"start":{"line":76,"column":4},"end":{"line":76,"column":9}},"65":{"start":{"line":77,"column":4},"end":{"line":77,"column":11}},"66":{"start":{"line":80,"column":2},"end":{"line":80,"column":null}},"67":{"start":{"line":89,"column":65},"end":{"line":89,"column":69}},"68":{"start":{"line":94,"column":67},"end":{"line":94,"column":71}},"69":{"start":{"line":99,"column":73},"end":{"line":99,"column":77}},"70":{"start":{"line":104,"column":81},"end":{"line":104,"column":86}},"71":{"start":{"line":109,"column":72},"end":{"line":109,"column":76}},"72":{"start":{"line":125,"column":40},"end":{"line":125,"column":49}},"73":{"start":{"line":125,"column":20},"end":{"line":125,"column":22}},"74":{"start":{"line":125,"column":36},"end":{"line":125,"column":40}},"75":{"start":{"line":127,"column":2},"end":{"line":127,"column":null}},"76":{"start":{"line":137,"column":27},"end":{"line":137,"column":41}},"77":{"start":{"line":151,"column":27},"end":{"line":151,"column":41}},"78":{"start":{"line":124,"column":0},"end":{"line":124,"column":24}}},"fnMap":{"0":{"name":"BadCodeExample","decl":{"start":{"line":5,"column":9},"end":{"line":5,"column":23}},"loc":{"start":{"line":5,"column":23},"end":{"line":121,"column":null}}},"1":{"name":"(anonymous_3)","decl":{"start":{"line":16,"column":17},"end":{"line":16,"column":null}},"loc":{"start":{"line":16,"column":17},"end":{"line":78,"column":null}}},"2":{"name":"(anonymous_4)","decl":{"start":{"line":89,"column":57},"end":{"line":89,"column":58}},"loc":{"start":{"line":89,"column":60},"end":{"line":89,"column":88}}},"3":{"name":"(anonymous_5)","decl":{"start":{"line":94,"column":59},"end":{"line":94,"column":60}},"loc":{"start":{"line":94,"column":62},"end":{"line":94,"column":90}}},"4":{"name":"(anonymous_6)","decl":{"start":{"line":99,"column":65},"end":{"line":99,"column":66}},"loc":{"start":{"line":99,"column":68},"end":{"line":99,"column":96}}},"5":{"name":"(anonymous_7)","decl":{"start":{"line":104,"column":73},"end":{"line":104,"column":74}},"loc":{"start":{"line":104,"column":76},"end":{"line":104,"column":105}}},"6":{"name":"(anonymous_8)","decl":{"start":{"line":109,"column":64},"end":{"line":109,"column":65}},"loc":{"start":{"line":109,"column":67},"end":{"line":109,"column":110}}},"7":{"name":"Home","decl":{"start":{"line":124,"column":24},"end":{"line":124,"column":28}},"loc":{"start":{"line":124,"column":28},"end":{"line":170,"column":null}}},"8":{"name":"(anonymous_10)","decl":{"start":{"line":137,"column":21},"end":{"line":137,"column":27}},"loc":{"start":{"line":137,"column":21},"end":{"line":137,"column":null}}},"9":{"name":"(anonymous_11)","decl":{"start":{"line":151,"column":21},"end":{"line":151,"column":27}},"loc":{"start":{"line":151,"column":21},"end":{"line":151,"column":null}}}},"branchMap":{"0":{"loc":{"start":{"line":21,"column":4},"end":{"line":24,"column":null}},"type":"if","locations":[{"start":{"line":21,"column":4},"end":{"line":24,"column":null}}]},"1":{"loc":{"start":{"line":25,"column":4},"end":{"line":28,"column":null}},"type":"if","locations":[{"start":{"line":25,"column":4},"end":{"line":28,"column":null}}]},"2":{"loc":{"start":{"line":29,"column":4},"end":{"line":32,"column":null}},"type":"if","locations":[{"start":{"line":29,"column":4},"end":{"line":32,"column":null}}]},"3":{"loc":{"start":{"line":33,"column":4},"end":{"line":36,"column":null}},"type":"if","locations":[{"start":{"line":33,"column":4},"end":{"line":36,"column":null}}]},"4":{"loc":{"start":{"line":33,"column":8},"end":{"line":33,"column":30}},"type":"binary-expr","locations":[{"start":{"line":33,"column":8},"end":{"line":33,"column":10}},{"start":{"line":33,"column":28},"end":{"line":33,"column":30}}]},"5":{"loc":{"start":{"line":37,"column":4},"end":{"line":40,"column":null}},"type":"if","locations":[{"start":{"line":37,"column":4},"end":{"line":40,"column":null}}]},"6":{"loc":{"start":{"line":41,"column":4},"end":{"line":44,"column":null}},"type":"if","locations":[{"start":{"line":41,"column":4},"end":{"line":44,"column":null}}]},"7":{"loc":{"start":{"line":45,"column":4},"end":{"line":48,"column":null}},"type":"if","locations":[{"start":{"line":45,"column":4},"end":{"line":48,"column":null}}]},"8":{"loc":{"start":{"line":49,"column":4},"end":{"line":52,"column":null}},"type":"if","locations":[{"start":{"line":49,"column":4},"end":{"line":52,"column":null}}]},"9":{"loc":{"start":{"line":53,"column":4},"end":{"line":56,"column":null}},"type":"if","locations":[{"start":{"line":53,"column":4},"end":{"line":56,"column":null}}]},"10":{"loc":{"start":{"line":57,"column":4},"end":{"line":60,"column":null}},"type":"if","locations":[{"start":{"line":57,"column":4},"end":{"line":60,"column":null}}]},"11":{"loc":{"start":{"line":61,"column":4},"end":{"line":64,"column":null}},"type":"if","locations":[{"start":{"line":61,"column":4},"end":{"line":64,"column":null}}]},"12":{"loc":{"start":{"line":109,"column":45},"end":{"line":109,"column":54}},"type":"binary-expr","locations":[{"start":{"line":109,"column":45},"end":{"line":109,"column":46}},{"start":{"line":109,"column":50},"end":{"line":109,"column":54}}]},"13":{"loc":{"start":{"line":109,"column":77},"end":{"line":109,"column":108}},"type":"binary-expr","locations":[{"start":{"line":109,"column":77},"end":{"line":109,"column":86}},{"start":{"line":109,"column":106},"end":{"line":109,"column":108}}]},"14":{"loc":{"start":{"line":116,"column":7},"end":{"line":116,"column":19}},"type":"binary-expr","locations":[{"start":{"line":116,"column":7},"end":{"line":116,"column":10}},{"start":{"line":116,"column":14},"end":{"line":116,"column":19}}]},"15":{"loc":{"start":{"line":117,"column":7},"end":{"line":117,"column":18}},"type":"binary-expr","locations":[{"start":{"line":117,"column":7},"end":{"line":117,"column":9}},{"start":{"line":117,"column":13},"end":{"line":117,"column":18}}]},"16":{"loc":{"start":{"line":118,"column":7},"end":{"line":118,"column":20}},"type":"binary-expr","locations":[{"start":{"line":118,"column":7},"end":{"line":118,"column":11}},{"start":{"line":118,"column":15},"end":{"line":118,"column":20}}]},"17":{"loc":{"start":{"line":140,"column":31},"end":{"line":140,"column":null}},"type":"cond-expr","locations":[{"start":{"line":140,"column":45},"end":{"line":140,"column":57}},{"start":{"line":140,"column":57},"end":{"line":140,"column":null}}]},"18":{"loc":{"start":{"line":141,"column":21},"end":{"line":141,"column":null}},"type":"cond-expr","locations":[{"start":{"line":141,"column":35},"end":{"line":141,"column":44}},{"start":{"line":141,"column":44},"end":{"line":141,"column":null}}]},"19":{"loc":{"start":{"line":154,"column":31},"end":{"line":154,"column":null}},"type":"cond-expr","locations":[{"start":{"line":154,"column":45},"end":{"line":154,"column":57}},{"start":{"line":154,"column":57},"end":{"line":154,"column":null}}]},"20":{"loc":{"start":{"line":155,"column":21},"end":{"line":155,"column":null}},"type":"cond-expr","locations":[{"start":{"line":155,"column":35},"end":{"line":155,"column":45}},{"start":{"line":155,"column":45},"end":{"line":155,"column":null}}]},"21":{"loc":{"start":{"line":167,"column":7},"end":{"line":167,"column":43}},"type":"cond-expr","locations":[{"start":{"line":167,"column":21},"end":{"line":167,"column":22}},{"start":{"line":167,"column":42},"end":{"line":167,"column":43}}]}},"s":{"0":1,"1":1,"2":0,"3":0,"4":0,"5":0,"6":0,"7":0,"8":0,"9":0,"10":0,"11":0,"12":0,"13":0,"14":0,"15":0,"16":0,"17":0,"18":0,"19":0,"20":0,"21":0,"22":0,"23":0,"24":0,"25":0,"26":0,"27":0,"28":0,"29":0,"30":0,"31":0,"32":0,"33":0,"34":0,"35":0,"36":0,"37":0,"38":0,"39":0,"40":0,"41":0,"42":0,"43":0,"44":0,"45":0,"46":0,"47":0,"48":0,"49":0,"50":0,"51":0,"52":0,"53":0,"54":0,"55":0,"56":0,"57":0,"58":0,"59":0,"60":0,"61":0,"62":0,"63":0,"64":0,"65":0,"66":0,"67":0,"68":0,"69":0,"70":0,"71":0,"72":4,"73":4,"74":4,"75":4,"76":0,"77":0,"78":1},"f":{"0":0,"1":0,"2":0,"3":0,"4":0,"5":0,"6":0,"7":4,"8":0,"9":0},"b":{"0":[0],"1":[0],"2":[0],"3":[0],"4":[0,0],"5":[0],"6":[0],"7":[0],"8":[0],"9":[0],"10":[0],"11":[0],"12":[0,0],"13":[0,0],"14":[0,0],"15":[0,0],"16":[0,0],"17":[0,4],"18":[0,4],"19":[0,4],"20":[0,4],"21":[0,4]}}
,"/Users/carlosmoncayo/Documents/next-typescript/src/utils/validation.ts": {"path":"/Users/carlosmoncayo/Documents/next-typescript/src/utils/validation.ts","statementMap":{"0":{"start":{"line":3,"column":20},"end":{"line":3,"column":null}},"1":{"start":{"line":4,"column":28},"end":{"line":4,"column":null}},"2":{"start":{"line":5,"column":33},"end":{"line":5,"column":null}},"3":{"start":{"line":6,"column":30},"end":{"line":6,"column":null}},"4":{"start":{"line":7,"column":16},"end":{"line":7,"column":null}},"5":{"start":{"line":8,"column":16},"end":{"line":8,"column":null}},"6":{"start":{"line":9,"column":24},"end":{"line":9,"column":null}},"7":{"start":{"line":11,"column":28},"end":{"line":19,"column":null}},"8":{"start":{"line":12,"column":2},"end":{"line":14,"column":null}},"9":{"start":{"line":13,"column":4},"end":{"line":13,"column":11}},"10":{"start":{"line":15,"column":2},"end":{"line":17,"column":null}},"11":{"start":{"line":16,"column":4},"end":{"line":16,"column":11}},"12":{"start":{"line":18,"column":2},"end":{"line":18,"column":9}},"13":{"start":{"line":11,"column":13},"end":{"line":11,"column":25}},"14":{"start":{"line":21,"column":29},"end":{"line":29,"column":null}},"15":{"start":{"line":22,"column":2},"end":{"line":24,"column":null}},"16":{"start":{"line":23,"column":4},"end":{"line":23,"column":11}},"17":{"start":{"line":25,"column":2},"end":{"line":27,"column":null}},"18":{"start":{"line":26,"column":4},"end":{"line":26,"column":11}},"19":{"start":{"line":28,"column":2},"end":{"line":28,"column":9}},"20":{"start":{"line":21,"column":13},"end":{"line":21,"column":26}},"21":{"start":{"line":31,"column":32},"end":{"line":45,"column":null}},"22":{"start":{"line":32,"column":2},"end":{"line":34,"column":null}},"23":{"start":{"line":33,"column":4},"end":{"line":33,"column":11}},"24":{"start":{"line":35,"column":2},"end":{"line":37,"column":null}},"25":{"start":{"line":36,"column":4},"end":{"line":36,"column":11}},"26":{"start":{"line":38,"column":2},"end":{"line":40,"column":null}},"27":{"start":{"line":39,"column":4},"end":{"line":39,"column":11}},"28":{"start":{"line":41,"column":2},"end":{"line":43,"column":null}},"29":{"start":{"line":42,"column":4},"end":{"line":42,"column":11}},"30":{"start":{"line":44,"column":2},"end":{"line":44,"column":9}},"31":{"start":{"line":31,"column":13},"end":{"line":31,"column":29}},"32":{"start":{"line":47,"column":39},"end":{"line":55,"column":null}},"33":{"start":{"line":51,"column":2},"end":{"line":53,"column":null}},"34":{"start":{"line":52,"column":4},"end":{"line":52,"column":11}},"35":{"start":{"line":54,"column":2},"end":{"line":54,"column":9}},"36":{"start":{"line":47,"column":13},"end":{"line":47,"column":36}},"37":{"start":{"line":57,"column":27},"end":{"line":68,"column":null}},"38":{"start":{"line":58,"column":2},"end":{"line":60,"column":null}},"39":{"start":{"line":59,"column":4},"end":{"line":59,"column":11}},"40":{"start":{"line":61,"column":2},"end":{"line":63,"column":null}},"41":{"start":{"line":62,"column":4},"end":{"line":62,"column":11}},"42":{"start":{"line":64,"column":2},"end":{"line":66,"column":null}},"43":{"start":{"line":65,"column":4},"end":{"line":65,"column":11}},"44":{"start":{"line":67,"column":2},"end":{"line":67,"column":9}},"45":{"start":{"line":57,"column":13},"end":{"line":57,"column":24}},"46":{"start":{"line":70,"column":32},"end":{"line":92,"column":null}},"47":{"start":{"line":71,"column":36},"end":{"line":71,"column":null}},"48":{"start":{"line":73,"column":20},"end":{"line":73,"column":33}},"49":{"start":{"line":74,"column":2},"end":{"line":74,"column":23}},"50":{"start":{"line":74,"column":17},"end":{"line":74,"column":23}},"51":{"start":{"line":76,"column":21},"end":{"line":76,"column":35}},"52":{"start":{"line":77,"column":2},"end":{"line":77,"column":24}},"53":{"start":{"line":77,"column":18},"end":{"line":77,"column":24}},"54":{"start":{"line":79,"column":24},"end":{"line":79,"column":41}},"55":{"start":{"line":80,"column":2},"end":{"line":80,"column":27}},"56":{"start":{"line":80,"column":21},"end":{"line":80,"column":27}},"57":{"start":{"line":82,"column":31},"end":{"line":82,"column":null}},"58":{"start":{"line":86,"column":2},"end":{"line":86,"column":34}},"59":{"start":{"line":86,"column":28},"end":{"line":86,"column":34}},"60":{"start":{"line":88,"column":19},"end":{"line":88,"column":31}},"61":{"start":{"line":89,"column":2},"end":{"line":89,"column":22}},"62":{"start":{"line":89,"column":16},"end":{"line":89,"column":22}},"63":{"start":{"line":91,"column":2},"end":{"line":91,"column":9}},"64":{"start":{"line":70,"column":13},"end":{"line":70,"column":29}}},"fnMap":{"0":{"name":"(anonymous_0)","decl":{"start":{"line":11,"column":28},"end":{"line":11,"column":29}},"loc":{"start":{"line":11,"column":41},"end":{"line":19,"column":null}}},"1":{"name":"(anonymous_1)","decl":{"start":{"line":21,"column":29},"end":{"line":21,"column":30}},"loc":{"start":{"line":21,"column":43},"end":{"line":29,"column":null}}},"2":{"name":"(anonymous_2)","decl":{"start":{"line":31,"column":32},"end":{"line":31,"column":33}},"loc":{"start":{"line":31,"column":49},"end":{"line":45,"column":null}}},"3":{"name":"(anonymous_3)","decl":{"start":{"line":47,"column":39},"end":{"line":47,"column":null}},"loc":{"start":{"line":49,"column":25},"end":{"line":55,"column":null}}},"4":{"name":"(anonymous_4)","decl":{"start":{"line":57,"column":27},"end":{"line":57,"column":28}},"loc":{"start":{"line":57,"column":39},"end":{"line":68,"column":null}}},"5":{"name":"(anonymous_5)","decl":{"start":{"line":70,"column":32},"end":{"line":70,"column":33}},"loc":{"start":{"line":70,"column":55},"end":{"line":92,"column":null}}}},"branchMap":{"0":{"loc":{"start":{"line":12,"column":2},"end":{"line":14,"column":null}},"type":"if","locations":[{"start":{"line":12,"column":2},"end":{"line":14,"column":null}}]},"1":{"loc":{"start":{"line":15,"column":2},"end":{"line":17,"column":null}},"type":"if","locations":[{"start":{"line":15,"column":2},"end":{"line":17,"column":null}}]},"2":{"loc":{"start":{"line":22,"column":2},"end":{"line":24,"column":null}},"type":"if","locations":[{"start":{"line":22,"column":2},"end":{"line":24,"column":null}}]},"3":{"loc":{"start":{"line":25,"column":2},"end":{"line":27,"column":null}},"type":"if","locations":[{"start":{"line":25,"column":2},"end":{"line":27,"column":null}}]},"4":{"loc":{"start":{"line":32,"column":2},"end":{"line":34,"column":null}},"type":"if","locations":[{"start":{"line":32,"column":2},"end":{"line":34,"column":null}}]},"5":{"loc":{"start":{"line":35,"column":2},"end":{"line":37,"column":null}},"type":"if","locations":[{"start":{"line":35,"column":2},"end":{"line":37,"column":null}}]},"6":{"loc":{"start":{"line":38,"column":2},"end":{"line":40,"column":null}},"type":"if","locations":[{"start":{"line":38,"column":2},"end":{"line":40,"column":null}}]},"7":{"loc":{"start":{"line":41,"column":2},"end":{"line":43,"column":null}},"type":"if","locations":[{"start":{"line":41,"column":2},"end":{"line":43,"column":null}}]},"8":{"loc":{"start":{"line":51,"column":2},"end":{"line":53,"column":null}},"type":"if","locations":[{"start":{"line":51,"column":2},"end":{"line":53,"column":null}}]},"9":{"loc":{"start":{"line":58,"column":2},"end":{"line":60,"column":null}},"type":"if","locations":[{"start":{"line":58,"column":2},"end":{"line":60,"column":null}}]},"10":{"loc":{"start":{"line":58,"column":6},"end":{"line":58,"column":25}},"type":"binary-expr","locations":[{"start":{"line":58,"column":6},"end":{"line":58,"column":14}},{"start":{"line":58,"column":14},"end":{"line":58,"column":25}}]},"11":{"loc":{"start":{"line":61,"column":2},"end":{"line":63,"column":null}},"type":"if","locations":[{"start":{"line":61,"column":2},"end":{"line":63,"column":null}}]},"12":{"loc":{"start":{"line":64,"column":2},"end":{"line":66,"column":null}},"type":"if","locations":[{"start":{"line":64,"column":2},"end":{"line":66,"column":null}}]},"13":{"loc":{"start":{"line":74,"column":2},"end":{"line":74,"column":23}},"type":"if","locations":[{"start":{"line":74,"column":2},"end":{"line":74,"column":23}}]},"14":{"loc":{"start":{"line":77,"column":2},"end":{"line":77,"column":24}},"type":"if","locations":[{"start":{"line":77,"column":2},"end":{"line":77,"column":24}}]},"15":{"loc":{"start":{"line":80,"column":2},"end":{"line":80,"column":27}},"type":"if","locations":[{"start":{"line":80,"column":2},"end":{"line":80,"column":27}}]},"16":{"loc":{"start":{"line":86,"column":2},"end":{"line":86,"column":34}},"type":"if","locations":[{"start":{"line":86,"column":2},"end":{"line":86,"column":34}}]},"17":{"loc":{"start":{"line":89,"column":2},"end":{"line":89,"column":22}},"type":"if","locations":[{"start":{"line":89,"column":2},"end":{"line":89,"column":22}}]}},"s":{"0":1,"1":1,"2":1,"3":1,"4":1,"5":1,"6":1,"7":1,"8":2,"9":1,"10":1,"11":0,"12":1,"13":1,"14":1,"15":2,"16":1,"17":1,"18":0,"19":1,"20":1,"21":1,"22":2,"23":1,"24":1,"25":0,"26":1,"27":0,"28":1,"29":0,"30":1,"31":1,"32":1,"33":2,"34":0,"35":2,"36":1,"37":1,"38":2,"39":1,"40":1,"41":0,"42":1,"43":0,"44":1,"45":1,"46":1,"47":2,"48":2,"49":2,"50":1,"51":2,"52":2,"53":1,"54":2,"55":2,"56":1,"57":2,"58":2,"59":0,"60":2,"61":2,"62":1,"63":2,"64":1},"f":{"0":2,"1":2,"2":2,"3":2,"4":2,"5":2},"b":{"0":[1],"1":[0],"2":[1],"3":[0],"4":[1],"5":[0],"6":[0],"7":[0],"8":[0],"9":[1],"10":[2,1],"11":[0],"12":[0],"13":[1],"14":[1],"15":[1],"16":[0],"17":[1]}}
}
