TN:
SF:src/components/FormInput.tsx
FN:14,(anonymous_3)
FN:23,(anonymous_4)
FNF:2
FNH:2
FNDA:80,(anonymous_3)
FNDA:10,(anonymous_4)
DA:2,1
DA:14,1
DA:15,80
DA:16,80
DA:17,80
DA:18,80
DA:19,80
DA:20,80
DA:21,80
DA:23,80
DA:24,10
DA:25,2
DA:27,8
DA:31,80
LF:14
LH:14
BRDA:20,0,0,0
BRDA:20,0,1,80
BRDA:24,1,0,2
BRDA:24,1,1,8
BRDA:25,2,0,2
BRDA:25,2,1,0
BRDA:39,3,0,80
BRDA:39,3,1,45
BRDA:41,4,0,4
BRDA:41,4,1,76
BRF:10
BRH:8
end_of_record
TN:
SF:src/components/UserSignupForm.tsx
FN:6,(anonymous_3)
FN:16,(anonymous_4)
FN:17,(anonymous_5)
FN:24,(anonymous_6)
FN:30,(anonymous_7)
FN:40,(anonymous_8)
FN:50,(anonymous_9)
FN:60,(anonymous_10)
FN:70,(anonymous_11)
FN:82,(anonymous_12)
FNF:10
FNH:10
FNDA:16,(anonymous_3)
FNDA:80,(anonymous_4)
FNDA:14,(anonymous_5)
FNDA:2,(anonymous_6)
FNDA:2,(anonymous_7)
FNDA:2,(anonymous_8)
FNDA:2,(anonymous_9)
FNDA:2,(anonymous_10)
FNDA:2,(anonymous_11)
FNDA:4,(anonymous_12)
DA:2,1
DA:3,1
DA:4,1
DA:6,1
DA:8,16
DA:9,16
DA:10,16
DA:11,16
DA:12,16
DA:13,16
DA:14,16
DA:16,16
DA:17,80
DA:20,16
DA:24,2
DA:30,2
DA:40,2
DA:50,2
DA:60,2
DA:70,2
DA:82,4
LF:21
LH:21
BRDA:80,0,0,16
BRDA:80,0,1,1
BRDA:90,1,0,16
BRDA:90,1,1,1
BRDA:96,2,0,16
BRDA:96,2,1,1
BRF:6
BRH:6
end_of_record
TN:
SF:src/hooks/useUserForm.ts
FN:23,(anonymous_2)
FN:30,(anonymous_3)
FN:31,(anonymous_4)
FN:38,(anonymous_5)
FN:63,(anonymous_6)
FNF:5
FNH:4
FNDA:16,(anonymous_2)
FNDA:10,(anonymous_3)
FNDA:10,(anonymous_4)
FNDA:2,(anonymous_5)
FNDA:0,(anonymous_6)
DA:1,1
DA:3,1
DA:15,1
DA:23,1
DA:24,16
DA:25,16
DA:26,16
DA:27,16
DA:29,16
DA:31,10
DA:32,10
DA:33,10
DA:38,16
DA:39,2
DA:40,2
DA:42,2
DA:44,2
DA:45,1
DA:46,1
DA:50,1
DA:58,1
DA:59,1
DA:60,1
DA:63,16
DA:64,0
DA:65,0
DA:66,0
DA:67,0
DA:70,16
LF:29
LH:25
BRDA:44,0,0,1
BRF:1
BRH:1
end_of_record
TN:
SF:src/pages/index.tsx
FN:5,BadCodeExample
FN:16,(anonymous_3)
FN:89,(anonymous_4)
FN:94,(anonymous_5)
FN:99,(anonymous_6)
FN:104,(anonymous_7)
FN:109,(anonymous_8)
FN:124,Home
FN:137,(anonymous_10)
FN:151,(anonymous_11)
FNF:10
FNH:1
FNDA:0,BadCodeExample
FNDA:0,(anonymous_3)
FNDA:0,(anonymous_4)
FNDA:0,(anonymous_5)
FNDA:0,(anonymous_6)
FNDA:0,(anonymous_7)
FNDA:0,(anonymous_8)
FNDA:4,Home
FNDA:0,(anonymous_10)
FNDA:0,(anonymous_11)
DA:1,1
DA:2,1
DA:6,0
DA:7,0
DA:8,0
DA:9,0
DA:10,0
DA:11,0
DA:12,0
DA:13,0
DA:16,0
DA:17,0
DA:18,0
DA:21,0
DA:22,0
DA:23,0
DA:25,0
DA:26,0
DA:27,0
DA:29,0
DA:30,0
DA:31,0
DA:33,0
DA:34,0
DA:35,0
DA:37,0
DA:38,0
DA:39,0
DA:41,0
DA:42,0
DA:43,0
DA:45,0
DA:46,0
DA:47,0
DA:49,0
DA:50,0
DA:51,0
DA:53,0
DA:54,0
DA:55,0
DA:57,0
DA:58,0
DA:59,0
DA:61,0
DA:62,0
DA:63,0
DA:67,0
DA:75,0
DA:76,0
DA:77,0
DA:80,0
DA:89,0
DA:94,0
DA:99,0
DA:104,0
DA:109,0
DA:124,1
DA:125,4
DA:127,4
DA:137,0
DA:151,0
LF:61
LH:5
BRDA:21,0,0,0
BRDA:25,1,0,0
BRDA:29,2,0,0
BRDA:33,3,0,0
BRDA:33,4,0,0
BRDA:33,4,1,0
BRDA:37,5,0,0
BRDA:41,6,0,0
BRDA:45,7,0,0
BRDA:49,8,0,0
BRDA:53,9,0,0
BRDA:57,10,0,0
BRDA:61,11,0,0
BRDA:109,12,0,0
BRDA:109,12,1,0
BRDA:109,13,0,0
BRDA:109,13,1,0
BRDA:116,14,0,0
BRDA:116,14,1,0
BRDA:117,15,0,0
BRDA:117,15,1,0
BRDA:118,16,0,0
BRDA:118,16,1,0
BRDA:140,17,0,0
BRDA:140,17,1,4
BRDA:141,18,0,0
BRDA:141,18,1,4
BRDA:154,19,0,0
BRDA:154,19,1,4
BRDA:155,20,0,0
BRDA:155,20,1,4
BRDA:167,21,0,0
BRDA:167,21,1,4
BRF:33
BRH:5
end_of_record
TN:
SF:src/utils/validation.ts
FN:11,(anonymous_0)
FN:21,(anonymous_1)
FN:31,(anonymous_2)
FN:47,(anonymous_3)
FN:57,(anonymous_4)
FN:70,(anonymous_5)
FNF:6
FNH:6
FNDA:2,(anonymous_0)
FNDA:2,(anonymous_1)
FNDA:2,(anonymous_2)
FNDA:2,(anonymous_3)
FNDA:2,(anonymous_4)
FNDA:2,(anonymous_5)
DA:3,1
DA:4,1
DA:5,1
DA:6,1
DA:7,1
DA:8,1
DA:9,1
DA:11,1
DA:12,2
DA:13,1
DA:15,1
DA:16,0
DA:18,1
DA:21,1
DA:22,2
DA:23,1
DA:25,1
DA:26,0
DA:28,1
DA:31,1
DA:32,2
DA:33,1
DA:35,1
DA:36,0
DA:38,1
DA:39,0
DA:41,1
DA:42,0
DA:44,1
DA:47,1
DA:51,2
DA:52,0
DA:54,2
DA:57,1
DA:58,2
DA:59,1
DA:61,1
DA:62,0
DA:64,1
DA:65,0
DA:67,1
DA:70,1
DA:71,2
DA:73,2
DA:74,2
DA:76,2
DA:77,2
DA:79,2
DA:80,2
DA:82,2
DA:86,2
DA:88,2
DA:89,2
DA:91,2
LF:54
LH:46
BRDA:12,0,0,1
BRDA:15,1,0,0
BRDA:22,2,0,1
BRDA:25,3,0,0
BRDA:32,4,0,1
BRDA:35,5,0,0
BRDA:38,6,0,0
BRDA:41,7,0,0
BRDA:51,8,0,0
BRDA:58,9,0,1
BRDA:58,10,0,2
BRDA:58,10,1,1
BRDA:61,11,0,0
BRDA:64,12,0,0
BRDA:74,13,0,1
BRDA:77,14,0,1
BRDA:80,15,0,1
BRDA:86,16,0,0
BRDA:89,17,0,1
BRF:19
BRH:10
end_of_record
